<?xml version="1.0" encoding="UTF-8"?>
<!-- Generated by org.testng.reporters.JUnitReportReporter -->
<testsuite skipped="0" hostname="DESKTOP-43FULGJ" name="tests.LoginTest" tests="1" failures="0" timestamp="2020-07-08T18:09:15 CDT" time="7.723" errors="0">
  <testcase name="ParaBankLogin" time="7.723" classname="tests.LoginTest"/>
</testsuite> <!-- tests.LoginTest -->
